
====================
[2025-12-13 19:43:48.951894] Training Session Started (V5 - Scaling)
====================
[2025-12-13 19:43:48] [Loop] Using device: mps
[2025-12-13 19:43:48] [Loop] Shapes: Spatial=100, Factories=30, Global=38, Total=168
[2025-12-13 19:43:50] [Loop] Starting from scratch (Cycle 1).
[2025-12-13 19:43:50] 
=== Cycle 1/50 ===
[2025-12-13 19:43:50] Params: {'n_games': 50, 'simulations': 500, 'epochs': 5, 'lr': 0.001, 'cpuct': 1.0, 'temp_threshold': 30, 'noise_alpha': 0.3, 'noise_eps': 0.25, 'opponent_type': 'self'}
[2025-12-13 19:43:50] [Loop] Generating 50 games (Sims: 500)...
[2025-12-13 22:19:35] [Game 1/50] Score: -51--39, Rounds: 6, Moves: 67, Winner: P1, End: normal_end
[2025-12-13 22:19:35] [Game 2/50] Score: -42--24, Rounds: 5, Moves: 53, Winner: P1, End: normal_end
[2025-12-13 22:19:35] [Game 3/50] Score: -29--32, Rounds: 7, Moves: 81, Winner: P0, End: normal_end
[2025-12-13 22:19:35] [Game 4/50] Score: -46--25, Rounds: 6, Moves: 68, Winner: P1, End: normal_end
[2025-12-13 22:19:35] [Game 5/50] Score: -37--40, Rounds: 6, Moves: 66, Winner: P0, End: normal_end
[2025-12-13 22:19:35] [Game 6/50] Score: -24--43, Rounds: 6, Moves: 70, Winner: P0, End: normal_end
[2025-12-13 22:19:35] [Game 7/50] Score: -37--37, Rounds: 6, Moves: 68, Winner: DRAW, End: normal_end
[2025-12-13 22:19:35] [Game 8/50] Score: -50--25, Rounds: 5, Moves: 57, Winner: P1, End: normal_end
[2025-12-13 22:19:35] [Game 9/50] Score: -52--51, Rounds: 7, Moves: 78, Winner: P1, End: normal_end
[2025-12-13 22:19:35] [Game 10/50] Score: -18--42, Rounds: 8, Moves: 86, Winner: P0, End: normal_end
[2025-12-13 22:19:35] [Game 11/50] Score: -51--35, Rounds: 10, Moves: 117, Winner: P1, End: normal_end
[2025-12-13 22:19:35] [Game 12/50] Score: -43--43, Rounds: 6, Moves: 67, Winner: DRAW, End: normal_end
[2025-12-13 22:19:35] [Game 13/50] Score: -32--21, Rounds: 6, Moves: 72, Winner: P1, End: normal_end
[2025-12-13 22:19:35] [Game 14/50] Score: -91--42, Rounds: 9, Moves: 100, Winner: P1, End: normal_end
[2025-12-13 22:19:35] [Game 15/50] Score: -32--23, Rounds: 5, Moves: 56, Winner: P1, End: normal_end
[2025-12-13 22:19:35] [Game 16/50] Score: -15--22, Rounds: 7, Moves: 76, Winner: P0, End: normal_end
[2025-12-13 22:19:35] [Game 17/50] Score: -34--32, Rounds: 7, Moves: 76, Winner: P1, End: normal_end
[2025-12-13 22:19:35] [Game 18/50] Score: -28--37, Rounds: 6, Moves: 71, Winner: P0, End: normal_end
[2025-12-13 22:19:35] [Game 19/50] Score: -61--79, Rounds: 9, Moves: 103, Winner: P0, End: normal_end
[2025-12-13 22:19:35] [Game 20/50] Score: -19--20, Rounds: 5, Moves: 56, Winner: P0, End: normal_end
[2025-12-13 22:19:35] [Game 21/50] Score: -20--47, Rounds: 7, Moves: 79, Winner: P0, End: normal_end
[2025-12-13 22:19:35] [Game 22/50] Score: -48--35, Rounds: 6, Moves: 68, Winner: P1, End: normal_end
[2025-12-13 22:19:35] [Game 23/50] Score: -21--26, Rounds: 7, Moves: 82, Winner: P0, End: normal_end
[2025-12-13 22:19:35] [Game 24/50] Score: -51--21, Rounds: 7, Moves: 77, Winner: P1, End: normal_end
[2025-12-13 22:19:35] [Game 25/50] Score: -78--21, Rounds: 9, Moves: 100, Winner: P1, End: normal_end
[2025-12-13 22:19:35] [Game 26/50] Score: -50--66, Rounds: 8, Moves: 89, Winner: P0, End: normal_end
[2025-12-13 22:19:35] [Game 27/50] Score: -22--36, Rounds: 7, Moves: 76, Winner: P0, End: normal_end
[2025-12-13 22:19:35] [Game 28/50] Score: -39--29, Rounds: 5, Moves: 54, Winner: P1, End: normal_end
[2025-12-13 22:19:35] [Game 29/50] Score: -8--47, Rounds: 5, Moves: 61, Winner: P0, End: normal_end
[2025-12-13 22:19:35] [Game 30/50] Score: -40--43, Rounds: 7, Moves: 82, Winner: P0, End: normal_end
[2025-12-13 22:19:35] [Game 31/50] Score: -39--18, Rounds: 7, Moves: 77, Winner: P1, End: normal_end
[2025-12-13 22:19:35] [Game 32/50] Score: -41--30, Rounds: 5, Moves: 50, Winner: P1, End: normal_end
[2025-12-13 22:19:35] [Game 33/50] Score: -37--35, Rounds: 6, Moves: 67, Winner: P1, End: normal_end
[2025-12-13 22:19:35] [Game 34/50] Score: -41-3, Rounds: 5, Moves: 50, Winner: P1, End: normal_end
[2025-12-13 22:19:35] [Game 35/50] Score: -46--24, Rounds: 6, Moves: 64, Winner: P1, End: normal_end
[2025-12-13 22:19:35] [Game 36/50] Score: -11--52, Rounds: 7, Moves: 82, Winner: P0, End: normal_end
[2025-12-13 22:19:35] [Game 37/50] Score: -20--22, Rounds: 5, Moves: 60, Winner: P0, End: normal_end
[2025-12-13 22:19:35] [Game 38/50] Score: -42--46, Rounds: 6, Moves: 74, Winner: P0, End: normal_end
[2025-12-13 22:19:35] [Game 39/50] Score: -53--65, Rounds: 7, Moves: 79, Winner: P0, End: normal_end
[2025-12-13 22:19:35] [Game 40/50] Score: -71--61, Rounds: 9, Moves: 100, Winner: P1, End: normal_end
[2025-12-13 22:19:35] [Game 41/50] Score: -17--45, Rounds: 5, Moves: 56, Winner: P0, End: normal_end
[2025-12-13 22:19:35] [Game 42/50] Score: -27--14, Rounds: 5, Moves: 59, Winner: P1, End: normal_end
[2025-12-13 22:19:35] [Game 43/50] Score: -73--76, Rounds: 8, Moves: 84, Winner: P0, End: normal_end
[2025-12-13 22:19:35] [Game 44/50] Score: -13--31, Rounds: 6, Moves: 70, Winner: P0, End: normal_end
[2025-12-13 22:19:35] [Game 45/50] Score: -50--33, Rounds: 7, Moves: 81, Winner: P1, End: normal_end
[2025-12-13 22:19:35] [Game 46/50] Score: -26--39, Rounds: 5, Moves: 54, Winner: P0, End: normal_end
[2025-12-13 22:19:35] [Game 47/50] Score: -2--42, Rounds: 5, Moves: 51, Winner: P0, End: normal_end
[2025-12-13 22:19:35] [Game 48/50] Score: -42--25, Rounds: 6, Moves: 64, Winner: P1, End: normal_end
[2025-12-13 22:19:35] [Game 49/50] Score: -6--42, Rounds: 6, Moves: 66, Winner: P0, End: normal_end
[2025-12-13 22:19:35] [Game 50/50] Score: -37--48, Rounds: 6, Moves: 64, Winner: P0, End: normal_end
[2025-12-13 22:19:35] [Loop] Moving model back to mps for training...
[2025-12-13 22:19:35] [Loop] MCTS Stats: avg_visits=595.6, avg_entropy=2.58, reuse_rate=91.8%, avg_moves=72.2
[2025-12-13 22:19:35] [Loop] Buffer size: 3608
[2025-12-13 22:19:35] [Loop] Training for 5 epochs...
[2025-12-13 22:20:06] [Loop] Training Finished. Avg Loss: 2.7555 (Policy: 2.7432, Value: 0.0123)
[2025-12-13 22:20:06] [Loop] Saved checkpoint to data/checkpoints_v5/model_cycle_1.pt
[2025-12-13 22:20:06] Starting validation for Cycle 1...
[2025-12-13 22:20:06] vs Random: Playing 10 games...
[2025-12-13 22:21:37] Game 1/10: LOSS (-67--32)
[2025-12-13 22:24:01] Game 2/10: LOSS (-116--39)
[2025-12-13 22:25:16] Game 3/10: LOSS (-49--22)
[2025-12-13 22:30:54] Game 4/10: LOSS (-73--14)
[2025-12-13 22:47:43] Game 5/10: LOSS (-61--33)
[2025-12-13 22:49:02] Game 6/10: LOSS (-44--8)
[2025-12-13 23:06:38] Game 7/10: LOSS (-91--38)
[2025-12-13 23:09:07] Game 8/10: LOSS (-120--80)
[2025-12-13 23:12:00] Game 9/10: LOSS (-123--60)
[2025-12-13 23:13:44] Game 10/10: LOSS (-50--26)
[2025-12-13 23:13:44] vs Random: Wins=0, Losses=10, Draws=0 (WR: 0.00)
[2025-12-13 23:13:44] No previous model found. Skipping vs Previous.
[2025-12-13 23:13:44] 
=== Cycle 2/50 ===
[2025-12-13 23:13:44] Params: {'n_games': 50, 'simulations': 500, 'epochs': 5, 'lr': 0.001, 'cpuct': 1.0, 'temp_threshold': 30, 'noise_alpha': 0.3, 'noise_eps': 0.25, 'opponent_type': 'self'}
[2025-12-13 23:13:44] [Loop] Generating 50 games (Sims: 500)...
[2025-12-14 01:32:05] [Game 1/50] Score: -121--155, Rounds: 14, Moves: 149, Winner: P0, End: normal_end
[2025-12-14 01:32:05] [Game 2/50] Score: -59--45, Rounds: 6, Moves: 67, Winner: P1, End: normal_end
[2025-12-14 01:32:05] [Game 3/50] Score: -56--83, Rounds: 10, Moves: 107, Winner: P0, End: normal_end
[2025-12-14 01:32:05] [Game 4/50] Score: -112--110, Rounds: 12, Moves: 130, Winner: P1, End: normal_end
[2025-12-14 01:32:05] [Game 5/50] Score: -107--122, Rounds: 11, Moves: 128, Winner: P0, End: normal_end
[2025-12-14 01:32:05] [Game 6/50] Score: -123--125, Rounds: 13, Moves: 138, Winner: P0, End: normal_end
[2025-12-14 01:32:05] [Game 7/50] Score: -100--142, Rounds: 13, Moves: 147, Winner: P0, End: normal_end
[2025-12-14 01:32:05] [Game 8/50] Score: -87--88, Rounds: 10, Moves: 108, Winner: P0, End: normal_end
[2025-12-14 01:32:05] [Game 9/50] Score: -151--140, Rounds: 15, Moves: 174, Winner: P1, End: max_rounds_reached
[2025-12-14 01:32:05] [Game 10/50] Score: -166--138, Rounds: 15, Moves: 169, Winner: P1, End: normal_end
[2025-12-14 01:32:05] [Game 11/50] Score: -102--106, Rounds: 12, Moves: 127, Winner: P0, End: normal_end
[2025-12-14 01:32:05] [Game 12/50] Score: -58--72, Rounds: 8, Moves: 87, Winner: P0, End: normal_end
[2025-12-14 01:32:05] [Game 13/50] Score: -33--30, Rounds: 5, Moves: 50, Winner: P1, End: normal_end
[2025-12-14 01:32:05] [Game 14/50] Score: -63--39, Rounds: 6, Moves: 65, Winner: P1, End: normal_end
[2025-12-14 01:32:05] [Game 15/50] Score: -134--143, Rounds: 13, Moves: 140, Winner: P0, End: normal_end
[2025-12-14 01:32:05] [Game 16/50] Score: -69--87, Rounds: 9, Moves: 103, Winner: P0, End: normal_end
[2025-12-14 01:32:05] [Game 17/50] Score: -79--56, Rounds: 8, Moves: 86, Winner: P1, End: normal_end
[2025-12-14 01:32:05] [Game 18/50] Score: -76--56, Rounds: 8, Moves: 90, Winner: P1, End: normal_end
[2025-12-14 01:32:05] [Game 19/50] Score: -161--146, Rounds: 15, Moves: 165, Winner: P1, End: max_rounds_reached
[2025-12-14 01:32:05] [Game 20/50] Score: -134--147, Rounds: 14, Moves: 153, Winner: P0, End: normal_end
[2025-12-14 01:32:05] [Game 21/50] Score: -51--21, Rounds: 6, Moves: 69, Winner: P1, End: normal_end
[2025-12-14 01:32:05] [Game 22/50] Score: -78--71, Rounds: 8, Moves: 89, Winner: P1, End: normal_end
[2025-12-14 01:32:05] [Game 23/50] Score: -84--80, Rounds: 9, Moves: 93, Winner: P1, End: normal_end
[2025-12-14 01:32:05] [Game 24/50] Score: -35--58, Rounds: 6, Moves: 68, Winner: P0, End: normal_end
[2025-12-14 01:32:05] [Game 25/50] Score: -147--128, Rounds: 14, Moves: 153, Winner: P1, End: normal_end
[2025-12-14 01:32:05] [Game 26/50] Score: -86--114, Rounds: 10, Moves: 104, Winner: P0, End: normal_end
[2025-12-14 01:32:05] [Game 27/50] Score: -29--40, Rounds: 5, Moves: 57, Winner: P0, End: normal_end
[2025-12-14 01:32:05] [Game 28/50] Score: -96--82, Rounds: 10, Moves: 113, Winner: P1, End: normal_end
[2025-12-14 01:32:05] [Game 29/50] Score: -122--147, Rounds: 14, Moves: 147, Winner: P0, End: normal_end
[2025-12-14 01:32:05] [Game 30/50] Score: -37--44, Rounds: 6, Moves: 66, Winner: P0, End: normal_end
[2025-12-14 01:32:05] [Game 31/50] Score: -114--128, Rounds: 12, Moves: 138, Winner: P0, End: normal_end
[2025-12-14 01:32:05] [Game 32/50] Score: -81--95, Rounds: 10, Moves: 112, Winner: P0, End: normal_end
[2025-12-14 01:32:05] [Game 33/50] Score: -47--55, Rounds: 7, Moves: 76, Winner: P0, End: normal_end
[2025-12-14 01:32:05] [Game 34/50] Score: -67--42, Rounds: 6, Moves: 66, Winner: P1, End: normal_end
[2025-12-14 01:32:05] [Game 35/50] Score: -59--56, Rounds: 7, Moves: 74, Winner: P1, End: normal_end
[2025-12-14 01:32:05] [Game 36/50] Score: -104--69, Rounds: 10, Moves: 109, Winner: P1, End: normal_end
[2025-12-14 01:32:05] [Game 37/50] Score: -87--121, Rounds: 12, Moves: 129, Winner: P0, End: normal_end
[2025-12-14 01:32:05] [Game 38/50] Score: -82--106, Rounds: 10, Moves: 113, Winner: P0, End: normal_end
[2025-12-14 01:32:05] [Game 39/50] Score: -83--65, Rounds: 9, Moves: 94, Winner: P1, End: normal_end
[2025-12-14 01:32:05] [Game 40/50] Score: -61--59, Rounds: 9, Moves: 104, Winner: P1, End: normal_end
[2025-12-14 01:32:05] [Game 41/50] Score: -152--104, Rounds: 13, Moves: 138, Winner: P1, End: normal_end
[2025-12-14 01:32:05] [Game 42/50] Score: -49--33, Rounds: 5, Moves: 52, Winner: P1, End: normal_end
[2025-12-14 01:32:05] [Game 43/50] Score: -76--77, Rounds: 8, Moves: 93, Winner: P0, End: normal_end
[2025-12-14 01:32:05] [Game 44/50] Score: -59--103, Rounds: 9, Moves: 102, Winner: P0, End: normal_end
[2025-12-14 01:32:05] [Game 45/50] Score: -101--108, Rounds: 11, Moves: 122, Winner: P0, End: normal_end
[2025-12-14 01:32:05] [Game 46/50] Score: -89--89, Rounds: 11, Moves: 122, Winner: DRAW, End: normal_end
[2025-12-14 01:32:05] [Game 47/50] Score: -63--39, Rounds: 8, Moves: 89, Winner: P1, End: normal_end
[2025-12-14 01:32:05] [Game 48/50] Score: -107--82, Rounds: 11, Moves: 130, Winner: P1, End: normal_end
[2025-12-14 01:32:05] [Game 49/50] Score: -55--77, Rounds: 9, Moves: 95, Winner: P0, End: normal_end
[2025-12-14 01:32:05] [Game 50/50] Score: -62--58, Rounds: 7, Moves: 76, Winner: P1, End: normal_end
[2025-12-14 01:32:05] [Loop] Moving model back to mps for training...
[2025-12-14 01:32:05] [Loop] MCTS Stats: avg_visits=618.1, avg_entropy=2.42, reuse_rate=91.6%, avg_moves=107.5
[2025-12-14 01:32:05] [Loop] Buffer size: 8645
[2025-12-14 01:32:05] [Loop] Training for 5 epochs...
[2025-12-14 01:33:13] [Loop] Training Finished. Avg Loss: 2.7095 (Policy: 2.7009, Value: 0.0086)
[2025-12-14 01:33:13] [Loop] Saved checkpoint to data/checkpoints_v5/model_cycle_2.pt
[2025-12-14 01:33:13] Starting validation for Cycle 2...
[2025-12-14 01:33:13] vs Random: Playing 10 games...
[2025-12-14 01:34:44] Game 1/10: LOSS (-57--17)
[2025-12-14 01:36:24] Game 2/10: LOSS (-43--40)
[2025-12-14 01:38:12] Game 3/10: LOSS (-66--19)
[2025-12-14 01:40:10] Game 4/10: LOSS (-83--22)
[2025-12-14 01:59:13] Game 5/10: LOSS (-151--69)
[2025-12-14 02:00:37] Game 6/10: LOSS (-39--15)
[2025-12-14 02:03:44] Game 7/10: LOSS (-138--45)
[2025-12-14 02:05:16] Game 8/10: LOSS (-47--25)
[2025-12-14 02:08:10] Game 9/10: LOSS (-126--66)
[2025-12-14 02:09:50] Game 10/10: LOSS (-60--5)
[2025-12-14 02:09:50] vs Random: Wins=0, Losses=10, Draws=0 (WR: 0.00)
[2025-12-14 02:09:50] vs PreviousCycle: Playing 10 games...
[2025-12-14 02:17:46] Game 1/10: LOSS (-188--182)
[2025-12-14 02:26:16] Game 2/10: LOSS (-182--159)
[2025-12-14 02:35:39] Game 3/10: LOSS (-188--164)
[2025-12-14 02:43:27] Game 4/10: LOSS (-177--161)
[2025-12-14 02:49:21] Game 5/10: LOSS (-112--72)
[2025-12-14 02:57:47] Game 6/10: LOSS (-189--169)
[2025-12-14 03:20:59] Game 7/10: LOSS (-168--143)
[2025-12-14 03:28:39] Game 8/10: LOSS (-175--154)
[2025-12-14 03:35:22] Game 9/10: LOSS (-161--130)
[2025-12-14 03:42:57] Game 10/10: LOSS (-188--169)
[2025-12-14 03:42:57] vs PreviousCycle: Wins=0, Losses=10, Draws=0 (WR: 0.00)
[2025-12-14 03:42:57] 
=== Cycle 3/50 ===
[2025-12-14 03:42:57] Params: {'n_games': 50, 'simulations': 500, 'epochs': 5, 'lr': 0.001, 'cpuct': 1.0, 'temp_threshold': 30, 'noise_alpha': 0.3, 'noise_eps': 0.25, 'opponent_type': 'self'}
[2025-12-14 03:42:57] [Loop] Generating 50 games (Sims: 500)...
[2025-12-14 06:43:36] [Game 1/50] Score: -174--178, Rounds: 15, Moves: 170, Winner: P0, End: max_rounds_reached
[2025-12-14 06:43:36] [Game 2/50] Score: -57--55, Rounds: 7, Moves: 79, Winner: P1, End: normal_end
[2025-12-14 06:43:36] [Game 3/50] Score: -170--162, Rounds: 15, Moves: 169, Winner: P1, End: max_rounds_reached
[2025-12-14 06:43:36] [Game 4/50] Score: -164--176, Rounds: 15, Moves: 165, Winner: P0, End: max_rounds_reached
[2025-12-14 06:43:36] [Game 5/50] Score: -161--130, Rounds: 15, Moves: 177, Winner: P1, End: normal_end
[2025-12-14 06:43:36] [Game 6/50] Score: -181--166, Rounds: 15, Moves: 178, Winner: P1, End: max_rounds_reached
[2025-12-14 06:43:36] [Game 7/50] Score: -179--158, Rounds: 15, Moves: 163, Winner: P1, End: max_rounds_reached
[2025-12-14 06:43:36] [Game 8/50] Score: -38--38, Rounds: 6, Moves: 66, Winner: DRAW, End: normal_end
[2025-12-14 06:43:36] [Game 9/50] Score: -172--159, Rounds: 15, Moves: 165, Winner: P1, End: max_rounds_reached
[2025-12-14 06:43:36] [Game 10/50] Score: -57--67, Rounds: 8, Moves: 87, Winner: P0, End: normal_end
[2025-12-14 06:43:36] [Game 11/50] Score: -171--165, Rounds: 15, Moves: 167, Winner: P1, End: max_rounds_reached
[2025-12-14 06:43:36] [Game 12/50] Score: -136--150, Rounds: 14, Moves: 158, Winner: P0, End: normal_end
[2025-12-14 06:43:36] [Game 13/50] Score: -88--66, Rounds: 8, Moves: 89, Winner: P1, End: normal_end
[2025-12-14 06:43:36] [Game 14/50] Score: -60--59, Rounds: 7, Moves: 79, Winner: P1, End: normal_end
[2025-12-14 06:43:36] [Game 15/50] Score: -140--132, Rounds: 13, Moves: 143, Winner: P1, End: normal_end
[2025-12-14 06:43:36] [Game 16/50] Score: -162--173, Rounds: 15, Moves: 171, Winner: P0, End: max_rounds_reached
[2025-12-14 06:43:36] [Game 17/50] Score: -175--179, Rounds: 15, Moves: 164, Winner: P0, End: max_rounds_reached
[2025-12-14 06:43:36] [Game 18/50] Score: -138--149, Rounds: 14, Moves: 150, Winner: P0, End: normal_end
[2025-12-14 06:43:36] [Game 19/50] Score: -140--163, Rounds: 14, Moves: 159, Winner: P0, End: normal_end
[2025-12-14 06:43:36] [Game 20/50] Score: -170--160, Rounds: 15, Moves: 170, Winner: P1, End: max_rounds_reached
[2025-12-14 06:43:36] [Game 21/50] Score: -90--78, Rounds: 9, Moves: 99, Winner: P1, End: normal_end
[2025-12-14 06:43:36] [Game 22/50] Score: -138--162, Rounds: 14, Moves: 160, Winner: P0, End: normal_end
[2025-12-14 06:43:36] [Game 23/50] Score: -170--164, Rounds: 15, Moves: 173, Winner: P1, End: max_rounds_reached
[2025-12-14 06:43:36] [Game 24/50] Score: -147--144, Rounds: 14, Moves: 148, Winner: P1, End: normal_end
[2025-12-14 06:43:36] [Game 25/50] Score: -85--102, Rounds: 10, Moves: 116, Winner: P0, End: normal_end
[2025-12-14 06:43:36] [Game 26/50] Score: -81--65, Rounds: 9, Moves: 99, Winner: P1, End: normal_end
[2025-12-14 06:43:36] [Game 27/50] Score: -154--190, Rounds: 15, Moves: 164, Winner: P0, End: max_rounds_reached
[2025-12-14 06:43:36] [Game 28/50] Score: -141--154, Rounds: 14, Moves: 152, Winner: P0, End: normal_end
[2025-12-14 06:43:36] [Game 29/50] Score: -100--134, Rounds: 11, Moves: 120, Winner: P0, End: normal_end
[2025-12-14 06:43:36] [Game 30/50] Score: -155--127, Rounds: 14, Moves: 165, Winner: P1, End: normal_end
[2025-12-14 06:43:36] [Game 31/50] Score: -168--183, Rounds: 15, Moves: 167, Winner: P0, End: max_rounds_reached
[2025-12-14 06:43:36] [Game 32/50] Score: -135--162, Rounds: 15, Moves: 162, Winner: P0, End: max_rounds_reached
[2025-12-14 06:43:36] [Game 33/50] Score: -136--123, Rounds: 13, Moves: 151, Winner: P1, End: normal_end
[2025-12-14 06:43:36] [Game 34/50] Score: -74--87, Rounds: 8, Moves: 88, Winner: P0, End: normal_end
[2025-12-14 06:43:36] [Game 35/50] Score: -168--171, Rounds: 15, Moves: 168, Winner: P0, End: max_rounds_reached
[2025-12-14 06:43:36] [Game 36/50] Score: -93--94, Rounds: 10, Moves: 114, Winner: P0, End: normal_end
[2025-12-14 06:43:36] [Game 37/50] Score: -139--119, Rounds: 12, Moves: 132, Winner: P1, End: normal_end
[2025-12-14 06:43:36] [Game 38/50] Score: -174--167, Rounds: 15, Moves: 167, Winner: P1, End: max_rounds_reached
[2025-12-14 06:43:36] [Game 39/50] Score: -78--66, Rounds: 9, Moves: 96, Winner: P1, End: normal_end
[2025-12-14 06:43:36] [Game 40/50] Score: -88--65, Rounds: 8, Moves: 85, Winner: P1, End: normal_end
[2025-12-14 06:43:36] [Game 41/50] Score: -166--167, Rounds: 15, Moves: 173, Winner: P0, End: max_rounds_reached
[2025-12-14 06:43:36] [Game 42/50] Score: -149--160, Rounds: 15, Moves: 169, Winner: P0, End: max_rounds_reached
[2025-12-14 06:43:36] [Game 43/50] Score: -86--94, Rounds: 9, Moves: 97, Winner: P0, End: normal_end
[2025-12-14 06:43:36] [Game 44/50] Score: -150--145, Rounds: 14, Moves: 165, Winner: P1, End: normal_end
[2025-12-14 06:43:36] [Game 45/50] Score: -106--86, Rounds: 11, Moves: 115, Winner: P1, End: normal_end
[2025-12-14 06:43:36] [Game 46/50] Score: -55--59, Rounds: 8, Moves: 83, Winner: P0, End: normal_end
[2025-12-14 06:43:36] [Game 47/50] Score: -157--158, Rounds: 15, Moves: 161, Winner: P0, End: max_rounds_reached
[2025-12-14 06:43:36] [Game 48/50] Score: -122--162, Rounds: 14, Moves: 149, Winner: P0, End: normal_end
[2025-12-14 06:43:36] [Game 49/50] Score: -82--59, Rounds: 8, Moves: 89, Winner: P1, End: normal_end
[2025-12-14 06:43:36] [Game 50/50] Score: -69--21, Rounds: 6, Moves: 61, Winner: P1, End: normal_end
[2025-12-14 06:43:36] [Loop] Moving model back to mps for training...
[2025-12-14 06:43:36] [Loop] MCTS Stats: avg_visits=632.0, avg_entropy=2.34, reuse_rate=91.7%, avg_moves=137.1
[2025-12-14 06:43:36] [Loop] Buffer size: 12316
[2025-12-14 06:43:36] [Loop] Training for 5 epochs...
[2025-12-14 06:45:07] [Loop] Training Finished. Avg Loss: 2.6721 (Policy: 2.6646, Value: 0.0074)
[2025-12-14 06:45:07] [Loop] Saved checkpoint to data/checkpoints_v5/model_cycle_3.pt
[2025-12-14 06:45:07] Starting validation for Cycle 3...
[2025-12-14 06:45:07] vs Random: Playing 10 games...
[2025-12-14 06:46:46] Game 1/10: LOSS (-75--26)
[2025-12-14 06:48:06] Game 2/10: LOSS (-53--5)
[2025-12-14 06:49:20] Game 3/10: LOSS (-38--24)
[2025-12-14 06:51:08] Game 4/10: LOSS (-70--37)
[2025-12-14 06:53:02] Game 5/10: LOSS (-88--6)
[2025-12-14 06:54:41] Game 6/10: LOSS (-48--27)
[2025-12-14 06:56:21] Game 7/10: LOSS (-81--40)
[2025-12-14 07:13:59] Game 8/10: LOSS (-76--35)
[2025-12-14 07:16:12] Game 9/10: LOSS (-71--25)
[2025-12-14 07:39:52] Game 10/10: LOSS (-91--35)
[2025-12-14 07:39:52] vs Random: Wins=0, Losses=10, Draws=0 (WR: 0.00)
[2025-12-14 07:39:52] vs PreviousCycle: Playing 10 games...
[2025-12-14 08:04:05] Game 1/10: WIN (-161--176)
[2025-12-14 08:12:01] Game 2/10: LOSS (-196--178)
[2025-12-14 08:20:11] Game 3/10: WIN (-185--190)
[2025-12-14 08:24:00] Game 4/10: WIN (-58--78)
[2025-12-14 08:31:39] Game 5/10: LOSS (-173--168)
[2025-12-14 08:37:35] Game 6/10: LOSS (-135--125)
[2025-12-14 08:45:49] Game 7/10: LOSS (-182--173)
[2025-12-14 08:53:30] Game 8/10: LOSS (-196--178)
[2025-12-14 09:33:53] Game 9/10: LOSS (-185--181)
[2025-12-14 09:42:47] Game 10/10: LOSS (-191--179)
[2025-12-14 09:42:47] vs PreviousCycle: Wins=3, Losses=7, Draws=0 (WR: 0.30)
[2025-12-14 09:42:47] 
=== Cycle 4/50 ===
[2025-12-14 09:42:47] Params: {'n_games': 100, 'simulations': 500, 'epochs': 10, 'lr': 0.001, 'cpuct': 1.2, 'temp_threshold': 15, 'noise_alpha': 0.3, 'noise_eps': 0.25, 'opponent_type': 'self'}
[2025-12-14 09:42:47] [Loop] Generating 100 games (Sims: 500)...
