
====================
[2025-12-02 21:23:32.677283] Training Session Started
====================
[2025-12-02 21:23:32] [Loop] Using device: mps
[2025-12-02 21:23:32] [Loop] Shapes: Spatial=100, Factories=30, Global=34, Total=164
[2025-12-02 21:23:36] [Loop] Starting from scratch (Cycle 1).
[2025-12-02 21:23:36] 
=== Cycle 1/21 ===
[2025-12-02 21:23:36] Params: {'n_games': 10, 'simulations': 25, 'epochs': 5, 'lr': 0.001, 'cpuct': 1.0, 'temp_threshold': 30, 'noise_alpha': 0.3, 'noise_eps': 0.25}
[2025-12-02 21:23:36] [Loop] Generating 10 games (Sims: 25)...

====================
[2025-12-02 21:26:43.809048] Training Session Started
====================
[2025-12-02 21:26:43] [Loop] Using device: mps
[2025-12-02 21:26:43] [Loop] Shapes: Spatial=100, Factories=30, Global=34, Total=164
[2025-12-02 21:26:44] [Loop] Starting from scratch (Cycle 1).
[2025-12-02 21:26:44] 
=== Cycle 1/21 ===
[2025-12-02 21:26:44] Params: {'n_games': 10, 'simulations': 50, 'epochs': 5, 'lr': 0.001, 'cpuct': 1.0, 'temp_threshold': 30, 'noise_alpha': 0.3, 'noise_eps': 0.25}
[2025-12-02 21:26:44] [Loop] Generating 10 games (Sims: 50)...
[2025-12-02 21:42:41] [Loop] MCTS Stats: avg_visits=54.1, avg_entropy=3.02, reuse_rate=95.9%, avg_moves=83.6
[2025-12-02 21:42:41] [Loop] Buffer size: 836
[2025-12-02 21:42:41] [Loop] Training for 5 epochs...

====================
[2025-12-02 21:46:11.910713] Training Session Started
====================
[2025-12-02 21:46:11] [Loop] Using device: mps
[2025-12-02 21:46:11] [Loop] Shapes: Spatial=100, Factories=30, Global=34, Total=164
[2025-12-02 21:46:12] [Loop] Starting from scratch (Cycle 1).
[2025-12-02 21:46:12] 
=== Cycle 1/21 ===
[2025-12-02 21:46:12] Params: {'n_games': 10, 'simulations': 50, 'epochs': 5, 'lr': 0.001, 'cpuct': 1.0, 'temp_threshold': 30, 'noise_alpha': 0.3, 'noise_eps': 0.25}
[2025-12-02 21:46:12] [Loop] Generating 10 games (Sims: 50)...
[2025-12-02 21:56:52] [Loop] MCTS Stats: avg_visits=53.4, avg_entropy=2.94, reuse_rate=95.7%, avg_moves=69.8
[2025-12-02 21:56:52] [Loop] Buffer size: 698
[2025-12-02 21:56:52] [Loop] Training for 5 epochs...
[2025-12-02 21:56:55] [Loop] Training Finished. Avg Loss: 5.5290 (Policy: 4.5055, Value: 1.0235)
[2025-12-02 21:56:55] [Loop] Saved checkpoint to data/checkpoints/model_cycle_1.pt
[2025-12-02 21:56:55] Starting validation for Cycle 1...
[2025-12-02 21:56:55] vs Random: Playing 5 games...
[2025-12-02 21:57:32] Game 1/5: WIN (-104--204)
[2025-12-02 21:58:12] Game 2/5: WIN (-172--207)
[2025-12-02 21:58:50] Game 3/5: WIN (-148--210)
[2025-12-02 21:59:29] Game 4/5: WIN (-179--207)
[2025-12-02 22:00:06] Game 5/5: WIN (-172--210)
[2025-12-02 22:00:06] vs Random: Wins=5, Losses=0, Draws=0 (WR: 1.00)
[2025-12-02 22:00:06] No previous model found. Skipping vs Previous.
[2025-12-02 22:00:06] 
=== Cycle 2/21 ===
[2025-12-02 22:00:06] Params: {'n_games': 50, 'simulations': 50, 'epochs': 5, 'lr': 0.001, 'cpuct': 1.0, 'temp_threshold': 30, 'noise_alpha': 0.3, 'noise_eps': 0.25}
[2025-12-02 22:00:06] [Loop] Generating 50 games (Sims: 50)...
[2025-12-03 00:43:40] [Loop] MCTS Stats: avg_visits=56.2, avg_entropy=2.78, reuse_rate=96.1%, avg_moves=150.1
[2025-12-03 00:43:40] [Loop] Buffer size: 7603
[2025-12-03 00:43:40] [Loop] Training for 5 epochs...
[2025-12-03 00:43:56] [Loop] Training Finished. Avg Loss: 4.8010 (Policy: 3.8209, Value: 0.9801)
[2025-12-03 00:43:56] [Loop] Saved checkpoint to data/checkpoints/model_cycle_2.pt
[2025-12-03 00:43:56] Starting validation for Cycle 2...
[2025-12-03 00:43:56] vs Random: Playing 5 games...
[2025-12-03 00:44:36] Game 1/5: WIN (-176--207)
[2025-12-03 00:45:14] Game 2/5: WIN (-180--204)
[2025-12-03 00:45:56] Game 3/5: WIN (-173--204)
[2025-12-03 00:46:38] Game 4/5: WIN (-192--207)
[2025-12-03 00:47:18] Game 5/5: WIN (-177--210)
[2025-12-03 00:47:18] vs Random: Wins=5, Losses=0, Draws=0 (WR: 1.00)
[2025-12-03 00:47:18] vs PreviousCycle: Playing 20 games...
[2025-12-03 00:47:53] Game 1/20: WIN (-54--64)
[2025-12-03 00:49:15] Game 2/20: LOSS (-166--156)
[2025-12-03 00:50:30] Game 3/20: WIN (-128--200)
[2025-12-03 00:51:48] Game 4/20: LOSS (-194--175)
[2025-12-03 00:52:36] Game 5/20: WIN (-83--88)
[2025-12-03 00:53:54] Game 6/20: LOSS (-182--135)
[2025-12-03 00:55:15] Game 7/20: LOSS (-187--158)
[2025-12-03 00:56:25] Game 8/20: LOSS (-161--135)
[2025-12-03 00:57:11] Game 9/20: LOSS (-119--91)
[2025-12-03 00:58:35] Game 10/20: LOSS (-193--159)
[2025-12-03 00:59:11] Game 11/20: WIN (-60--76)
[2025-12-03 01:00:30] Game 12/20: WIN (-169--177)
[2025-12-03 01:01:49] Game 13/20: LOSS (-179--159)
[2025-12-03 01:02:20] Game 14/20: WIN (-50--60)
[2025-12-03 01:03:38] Game 15/20: LOSS (-185--181)
[2025-12-03 01:04:59] Game 16/20: LOSS (-201--173)
[2025-12-03 01:06:19] Game 17/20: LOSS (-167--152)
[2025-12-03 01:07:42] Game 18/20: LOSS (-169--162)
[2025-12-03 01:08:50] Game 19/20: LOSS (-131--121)
[2025-12-03 01:10:11] Game 20/20: LOSS (-189--162)
[2025-12-03 01:10:11] vs PreviousCycle: Wins=6, Losses=14, Draws=0 (WR: 0.30)
[2025-12-03 01:10:11] 
=== Cycle 3/21 ===
[2025-12-03 01:10:11] Params: {'n_games': 50, 'simulations': 50, 'epochs': 5, 'lr': 0.001, 'cpuct': 1.0, 'temp_threshold': 30, 'noise_alpha': 0.3, 'noise_eps': 0.25}
[2025-12-03 01:10:11] [Loop] Generating 50 games (Sims: 50)...
[2025-12-03 03:14:28] [Loop] MCTS Stats: avg_visits=57.1, avg_entropy=2.65, reuse_rate=96.1%, avg_moves=158.1
[2025-12-03 03:14:28] [Loop] Buffer size: 12820
[2025-12-03 03:14:28] [Loop] Training for 5 epochs...
[2025-12-03 03:14:55] [Loop] Training Finished. Avg Loss: 4.6099 (Policy: 3.6392, Value: 0.9707)
[2025-12-03 03:14:55] [Loop] Saved checkpoint to data/checkpoints/model_cycle_3.pt
[2025-12-03 03:14:55] Starting validation for Cycle 3...
[2025-12-03 03:14:55] vs Random: Playing 5 games...
[2025-12-03 03:15:34] Game 1/5: WIN (-176--210)
[2025-12-03 03:16:11] Game 2/5: WIN (-174--204)
[2025-12-03 03:16:49] Game 3/5: WIN (-174--204)
[2025-12-03 03:17:26] Game 4/5: WIN (-198--210)
[2025-12-03 03:18:03] Game 5/5: WIN (-178--207)
[2025-12-03 03:18:03] vs Random: Wins=5, Losses=0, Draws=0 (WR: 1.00)
[2025-12-03 03:18:03] vs PreviousCycle: Playing 20 games...
[2025-12-03 03:19:16] Game 1/20: LOSS (-177--165)
[2025-12-03 03:20:34] Game 2/20: LOSS (-194--163)
[2025-12-03 03:21:46] Game 3/20: WIN (-152--162)
[2025-12-03 03:23:05] Game 4/20: LOSS (-186--175)
[2025-12-03 03:24:20] Game 5/20: LOSS (-182--181)
[2025-12-03 03:25:36] Game 6/20: WIN (-172--202)
[2025-12-03 03:26:48] Game 7/20: WIN (-174--199)
[2025-12-03 03:28:04] Game 8/20: WIN (-170--185)
[2025-12-03 03:28:34] Game 9/20: WIN (-58--80)
[2025-12-03 03:29:35] Game 10/20: LOSS (-140--114)
[2025-12-03 03:30:53] Game 11/20: LOSS (-193--176)
[2025-12-03 03:31:20] Game 12/20: LOSS (-64--30)
[2025-12-03 03:48:58] Game 13/20: WIN (-169--175)
[2025-12-03 03:54:25] Game 14/20: LOSS (-192--187)
[2025-12-03 03:55:39] Game 15/20: LOSS (-167--152)
[2025-12-03 04:14:07] Game 16/20: LOSS (-198--154)
[2025-12-03 04:15:22] Game 17/20: LOSS (-187--156)
[2025-12-03 04:24:11] Game 18/20: WIN (-148--174)
[2025-12-03 04:24:40] Game 19/20: WIN (-46--63)
[2025-12-03 04:42:07] Game 20/20: WIN (-154--176)
[2025-12-03 04:42:07] vs PreviousCycle: Wins=9, Losses=11, Draws=0 (WR: 0.45)
[2025-12-03 04:42:07] 
=== Cycle 4/21 ===
[2025-12-03 04:42:07] Params: {'n_games': 50, 'simulations': 50, 'epochs': 5, 'lr': 0.001, 'cpuct': 1.0, 'temp_threshold': 30, 'noise_alpha': 0.3, 'noise_eps': 0.25}
[2025-12-03 04:42:07] [Loop] Generating 50 games (Sims: 50)...

====================
[2025-12-03 09:05:47.812544] Training Session Started
====================
[2025-12-03 09:05:47] [Loop] Using device: mps
[2025-12-03 09:05:47] [Loop] Shapes: Spatial=100, Factories=30, Global=34, Total=164
[2025-12-03 09:05:49] [Loop] Starting from scratch (Cycle 1).
[2025-12-03 09:05:49] 
=== Cycle 1/21 ===
[2025-12-03 09:05:49] Params: {'n_games': 10, 'simulations': 50, 'epochs': 5, 'lr': 0.001, 'cpuct': 1.0, 'temp_threshold': 30, 'noise_alpha': 0.3, 'noise_eps': 0.25}
[2025-12-03 09:05:49] [Loop] Generating 10 games (Sims: 50)...

====================
[2025-12-03 09:07:05.872865] Training Session Started
====================
[2025-12-03 09:07:05] [Loop] Using device: mps
[2025-12-03 09:07:05] [Loop] Shapes: Spatial=100, Factories=30, Global=34, Total=164
[2025-12-03 09:07:07] [Loop] Starting from scratch (Cycle 1).
[2025-12-03 09:07:07] 
=== Cycle 1/21 ===
[2025-12-03 09:07:07] Params: {'n_games': 10, 'simulations': 50, 'epochs': 5, 'lr': 0.001, 'cpuct': 1.0, 'temp_threshold': 30, 'noise_alpha': 0.3, 'noise_eps': 0.25}
[2025-12-03 09:07:07] [Loop] Generating 10 games (Sims: 50)...

====================
[2025-12-03 09:09:19.197409] Training Session Started
====================
[2025-12-03 09:09:19] [Loop] Using device: mps
[2025-12-03 09:09:19] [Loop] Shapes: Spatial=100, Factories=30, Global=34, Total=164
[2025-12-03 09:09:22] [Loop] Starting from scratch (Cycle 1).
[2025-12-03 09:09:22] 
=== Cycle 1/21 ===
[2025-12-03 09:09:22] Params: {'n_games': 10, 'simulations': 50, 'epochs': 5, 'lr': 0.001, 'cpuct': 1.0, 'temp_threshold': 30, 'noise_alpha': 0.3, 'noise_eps': 0.25}
[2025-12-03 09:09:22] [Loop] Generating 10 games (Sims: 50)...
[2025-12-03 09:21:48] [Loop] MCTS Stats: avg_visits=53.9, avg_entropy=3.14, reuse_rate=96.0%, avg_moves=78.8
[2025-12-03 09:21:48] [Loop] Buffer size: 788
[2025-12-03 09:21:48] [Loop] Training for 5 epochs...
[2025-12-03 09:21:51] [Loop] Training Finished. Avg Loss: 5.5774 (Policy: 4.5530, Value: 1.0244)
[2025-12-03 09:21:51] [Loop] Saved checkpoint to data/checkpoints/model_cycle_1.pt
[2025-12-03 09:21:51] Starting validation for Cycle 1...
[2025-12-03 09:21:51] vs Random: Playing 5 games...
[2025-12-03 09:22:29] Game 1/5: WIN (-145--210)
[2025-12-03 09:23:13] Game 2/5: WIN (-136--210)
[2025-12-03 09:23:57] Game 3/5: WIN (-191--210)
[2025-12-03 09:24:38] Game 4/5: WIN (-177--210)
[2025-12-03 09:25:19] Game 5/5: WIN (-140--201)
[2025-12-03 09:25:19] vs Random: Wins=5, Losses=0, Draws=0 (WR: 1.00)
[2025-12-03 09:25:19] No previous model found. Skipping vs Previous.
[2025-12-03 09:25:19] 
=== Cycle 2/21 ===
[2025-12-03 09:25:19] Params: {'n_games': 50, 'simulations': 50, 'epochs': 5, 'lr': 0.001, 'cpuct': 1.0, 'temp_threshold': 30, 'noise_alpha': 0.3, 'noise_eps': 0.25}
[2025-12-03 09:25:19] [Loop] Generating 50 games (Sims: 50)...

====================
[2025-12-03 17:52:34.331714] Training Session Started
====================
[2025-12-03 17:52:34] [Loop] Using device: mps
[2025-12-03 17:52:34] [Loop] Shapes: Spatial=100, Factories=30, Global=34, Total=164
[2025-12-03 17:52:35] [Loop] Starting from scratch (Cycle 1).
[2025-12-03 17:52:35] 
=== Cycle 1/21 ===
[2025-12-03 17:52:35] Params: {'n_games': 10, 'simulations': 30, 'epochs': 5, 'lr': 0.001, 'cpuct': 1.0, 'temp_threshold': 30, 'noise_alpha': 0.3, 'noise_eps': 0.25}
[2025-12-03 17:52:35] [Loop] Generating 10 games (Sims: 30)...
[2025-12-03 18:00:17] [Loop] MCTS Stats: avg_visits=34.8, avg_entropy=2.88, reuse_rate=95.6%, avg_moves=81.0
[2025-12-03 18:00:17] [Loop] Buffer size: 810
[2025-12-03 18:00:17] [Loop] Training for 5 epochs...
[2025-12-03 18:00:20] [Loop] Training Finished. Avg Loss: 5.4660 (Policy: 4.4412, Value: 1.0249)
[2025-12-03 18:00:21] [Loop] Saved checkpoint to data/checkpoints/model_cycle_1.pt
[2025-12-03 18:00:21] Starting validation for Cycle 1...
[2025-12-03 18:00:21] vs Random: Playing 5 games...
[2025-12-03 18:01:01] Game 1/5: WIN (-183--207)
[2025-12-03 18:01:38] Game 2/5: WIN (-156--210)
[2025-12-03 18:02:16] Game 3/5: WIN (-179--210)
[2025-12-03 18:02:59] Game 4/5: WIN (-190--210)
[2025-12-03 18:03:42] Game 5/5: WIN (-165--210)
[2025-12-03 18:03:42] vs Random: Wins=5, Losses=0, Draws=0 (WR: 1.00)
[2025-12-03 18:03:42] No previous model found. Skipping vs Previous.
[2025-12-03 18:03:42] 
=== Cycle 2/21 ===
[2025-12-03 18:03:42] Params: {'n_games': 50, 'simulations': 30, 'epochs': 5, 'lr': 0.001, 'cpuct': 1.0, 'temp_threshold': 30, 'noise_alpha': 0.3, 'noise_eps': 0.25}
[2025-12-03 18:03:42] [Loop] Generating 50 games (Sims: 30)...
[2025-12-03 19:43:57] [Loop] MCTS Stats: avg_visits=35.0, avg_entropy=2.63, reuse_rate=96.5%, avg_moves=152.7
[2025-12-03 19:43:57] [Loop] Buffer size: 8444
[2025-12-03 19:43:57] [Loop] Training for 5 epochs...
[2025-12-03 19:44:19] [Loop] Training Finished. Avg Loss: 4.6564 (Policy: 3.6953, Value: 0.9611)
[2025-12-03 19:44:19] [Loop] Saved checkpoint to data/checkpoints/model_cycle_2.pt
[2025-12-03 19:44:19] Starting validation for Cycle 2...
[2025-12-03 19:44:19] vs Random: Playing 5 games...
[2025-12-03 19:44:59] Game 1/5: WIN (-189--207)
[2025-12-03 19:45:40] Game 2/5: WIN (-166--210)
[2025-12-03 19:46:23] Game 3/5: WIN (-183--207)
[2025-12-03 19:49:36] Game 4/5: WIN (-174--207)
[2025-12-03 19:50:18] Game 5/5: WIN (-191--207)
[2025-12-03 19:50:18] vs Random: Wins=5, Losses=0, Draws=0 (WR: 1.00)
[2025-12-03 19:50:18] vs PreviousCycle: Playing 20 games...
[2025-12-03 19:51:40] Game 1/20: LOSS (-198--192)
[2025-12-03 20:00:19] Game 2/20: LOSS (-180--175)
[2025-12-03 20:01:39] Game 3/20: WIN (-170--183)
[2025-12-03 20:04:07] Game 4/20: WIN (-180--183)
[2025-12-03 20:04:58] Game 5/20: LOSS (-119--88)
[2025-12-03 20:21:36] Game 6/20: LOSS (-161--102)
[2025-12-03 20:22:58] Game 7/20: LOSS (-194--150)
[2025-12-03 20:39:10] Game 8/20: WIN (-179--183)
[2025-12-03 20:40:09] Game 9/20: LOSS (-127--105)
[2025-12-03 20:47:41] Game 10/20: LOSS (-129--124)
[2025-12-03 20:48:44] Game 11/20: LOSS (-150--124)
[2025-12-03 20:50:20] Game 12/20: WIN (-134--151)
[2025-12-03 20:51:39] Game 13/20: DRAW (-185--185)
[2025-12-03 20:54:11] Game 14/20: LOSS (-177--103)
[2025-12-03 20:55:11] Game 15/20: LOSS (-131--107)
[2025-12-03 20:56:01] Game 16/20: WIN (-94--100)
[2025-12-03 21:09:58] Game 17/20: DRAW (-180--180)
[2025-12-03 21:10:28] Game 18/20: LOSS (-62--47)
[2025-12-03 21:11:47] Game 19/20: LOSS (-194--166)
[2025-12-03 21:14:08] Game 20/20: LOSS (-200--174)
[2025-12-03 21:14:08] vs PreviousCycle: Wins=5, Losses=13, Draws=2 (WR: 0.25)
[2025-12-03 21:14:08] 
=== Cycle 3/21 ===
[2025-12-03 21:14:08] Params: {'n_games': 50, 'simulations': 30, 'epochs': 5, 'lr': 0.001, 'cpuct': 1.0, 'temp_threshold': 30, 'noise_alpha': 0.3, 'noise_eps': 0.25}
[2025-12-03 21:14:08] [Loop] Generating 50 games (Sims: 30)...
[2025-12-04 03:01:12] [Loop] MCTS Stats: avg_visits=36.3, avg_entropy=2.41, reuse_rate=96.9%, avg_moves=178.1
[2025-12-04 03:01:12] [Loop] Buffer size: 17349
[2025-12-04 03:01:12] [Loop] Training for 5 epochs...
[2025-12-04 03:01:59] [Loop] Training Finished. Avg Loss: 4.4258 (Policy: 3.4568, Value: 0.9690)
[2025-12-04 03:01:59] [Loop] Saved checkpoint to data/checkpoints/model_cycle_3.pt
[2025-12-04 03:01:59] Starting validation for Cycle 3...
[2025-12-04 03:01:59] vs Random: Playing 5 games...
[2025-12-04 03:17:58] Game 1/5: WIN (-178--207)
[2025-12-04 03:18:40] Game 2/5: WIN (-194--207)
[2025-12-04 03:19:24] Game 3/5: WIN (-173--210)
[2025-12-04 03:35:07] Game 4/5: WIN (-190--210)
[2025-12-04 03:35:48] Game 5/5: WIN (-151--207)
[2025-12-04 03:35:48] vs Random: Wins=5, Losses=0, Draws=0 (WR: 1.00)
[2025-12-04 03:35:48] vs PreviousCycle: Playing 20 games...
[2025-12-04 03:36:43] Game 1/20: LOSS (-108--96)
[2025-12-04 03:37:08] Game 2/20: WIN (-26--57)
[2025-12-04 03:53:14] Game 3/20: LOSS (-73--65)
[2025-12-04 03:54:38] Game 4/20: WIN (-169--185)
[2025-12-04 03:56:03] Game 5/20: LOSS (-193--168)
[2025-12-04 03:57:22] Game 6/20: WIN (-131--178)
[2025-12-04 03:58:41] Game 7/20: LOSS (-190--182)
[2025-12-04 04:03:00] Game 8/20: LOSS (-187--167)
[2025-12-04 04:04:18] Game 9/20: LOSS (-173--160)
[2025-12-04 04:10:33] Game 10/20: WIN (-149--172)
[2025-12-04 04:28:17] Game 11/20: LOSS (-168--160)
[2025-12-04 04:29:41] Game 12/20: LOSS (-191--181)
[2025-12-04 04:46:12] Game 13/20: LOSS (-88--81)
[2025-12-04 04:47:23] Game 14/20: WIN (-147--154)
[2025-12-04 04:54:23] Game 15/20: LOSS (-199--192)
[2025-12-04 04:55:36] Game 16/20: WIN (-161--167)
[2025-12-04 04:56:33] Game 17/20: WIN (-118--125)
[2025-12-04 05:03:48] Game 18/20: LOSS (-119--114)
[2025-12-04 05:05:11] Game 19/20: LOSS (-174--152)
[2025-12-04 05:22:49] Game 20/20: WIN (-176--179)
[2025-12-04 05:22:49] vs PreviousCycle: Wins=8, Losses=12, Draws=0 (WR: 0.40)
[2025-12-04 05:22:49] 
=== Cycle 4/21 ===
[2025-12-04 05:22:49] Params: {'n_games': 50, 'simulations': 30, 'epochs': 5, 'lr': 0.001, 'cpuct': 1.0, 'temp_threshold': 30, 'noise_alpha': 0.3, 'noise_eps': 0.25}
[2025-12-04 05:22:49] [Loop] Generating 50 games (Sims: 30)...
[2025-12-04 08:43:31] [Loop] MCTS Stats: avg_visits=35.7, avg_entropy=2.40, reuse_rate=96.6%, avg_moves=175.6
[2025-12-04 08:43:31] [Loop] Buffer size: 25000
[2025-12-04 08:43:31] [Loop] Training for 5 epochs...
[2025-12-04 08:44:37] [Loop] Training Finished. Avg Loss: 4.3256 (Policy: 3.3618, Value: 0.9638)
[2025-12-04 08:44:37] [Loop] Saved checkpoint to data/checkpoints/model_cycle_4.pt
[2025-12-04 08:44:37] Starting validation for Cycle 4...
[2025-12-04 08:44:37] vs Random: Playing 5 games...
[2025-12-04 08:52:56] Game 1/5: WIN (-188--210)
[2025-12-04 08:53:36] Game 2/5: WIN (-189--207)
[2025-12-04 08:54:18] Game 3/5: WIN (-183--210)
[2025-12-04 08:54:52] Game 4/5: WIN (-133--190)
[2025-12-04 08:55:39] Game 5/5: WIN (-199--210)
[2025-12-04 08:55:39] vs Random: Wins=5, Losses=0, Draws=0 (WR: 1.00)
[2025-12-04 08:55:39] vs PreviousCycle: Playing 20 games...
[2025-12-04 08:57:08] Game 1/20: WIN (-167--203)
[2025-12-04 08:58:27] Game 2/20: WIN (-144--154)
[2025-12-04 08:59:40] Game 3/20: WIN (-163--173)
[2025-12-04 09:04:57] Game 4/20: LOSS (-137--127)
[2025-12-04 09:06:04] Game 5/20: LOSS (-144--120)
[2025-12-04 09:07:19] Game 6/20: LOSS (-162--155)
[2025-12-04 09:13:17] Game 7/20: LOSS (-164--159)
[2025-12-04 09:14:15] Game 8/20: LOSS (-120--113)
[2025-12-04 09:14:54] Game 9/20: WIN (-60--65)
[2025-12-04 09:15:44] Game 10/20: WIN (-62--104)
[2025-12-04 09:17:16] Game 11/20: LOSS (-184--171)
[2025-12-04 09:18:40] Game 12/20: LOSS (-177--154)
[2025-12-04 09:19:58] Game 13/20: WIN (-156--170)
[2025-12-04 09:21:20] Game 14/20: LOSS (-185--182)
[2025-12-04 09:22:09] Game 15/20: WIN (-75--105)
[2025-12-04 09:26:41] Game 16/20: WIN (-163--198)
[2025-12-04 09:27:49] Game 17/20: WIN (-88--101)
[2025-12-04 09:29:09] Game 18/20: WIN (-175--183)
[2025-12-04 09:29:43] Game 19/20: WIN (-53--59)
[2025-12-04 09:31:12] Game 20/20: WIN (-166--182)
[2025-12-04 09:31:12] vs PreviousCycle: Wins=12, Losses=8, Draws=0 (WR: 0.60)
[2025-12-04 09:31:12] 
=== Cycle 5/21 ===
[2025-12-04 09:31:12] Params: {'n_games': 50, 'simulations': 30, 'epochs': 5, 'lr': 0.001, 'cpuct': 1.0, 'temp_threshold': 30, 'noise_alpha': 0.3, 'noise_eps': 0.25}
[2025-12-04 09:31:12] [Loop] Generating 50 games (Sims: 30)...
[2025-12-04 10:56:17] [Loop] MCTS Stats: avg_visits=35.5, avg_entropy=2.38, reuse_rate=96.9%, avg_moves=160.0
[2025-12-04 10:56:17] [Loop] Buffer size: 25000
[2025-12-04 10:56:17] [Loop] Training for 5 epochs...
[2025-12-04 10:57:31] [Loop] Training Finished. Avg Loss: 4.2198 (Policy: 3.2417, Value: 0.9781)
[2025-12-04 10:57:31] [Loop] Saved checkpoint to data/checkpoints/model_cycle_5.pt
[2025-12-04 10:57:31] Starting validation for Cycle 5...
[2025-12-04 10:57:31] vs Random: Playing 5 games...
[2025-12-04 10:57:59] Game 1/5: WIN (-79--112)
[2025-12-04 10:58:53] Game 2/5: WIN (-182--210)
[2025-12-04 10:59:43] Game 3/5: WIN (-179--195)
[2025-12-04 11:00:24] Game 4/5: WIN (-104--165)
[2025-12-04 11:01:18] Game 5/5: WIN (-180--207)
[2025-12-04 11:01:18] vs Random: Wins=5, Losses=0, Draws=0 (WR: 1.00)
[2025-12-04 11:01:18] vs PreviousCycle: Playing 20 games...
[2025-12-04 11:02:32] Game 1/20: WIN (-85--91)
[2025-12-04 11:04:03] Game 2/20: WIN (-137--156)
[2025-12-04 11:05:44] Game 3/20: WIN (-155--185)
[2025-12-04 11:07:30] Game 4/20: LOSS (-176--171)
[2025-12-04 11:09:11] Game 5/20: LOSS (-166--163)
[2025-12-04 11:10:47] Game 6/20: WIN (-145--191)
[2025-12-04 11:11:42] Game 7/20: WIN (-64--82)
[2025-12-04 11:12:19] Game 8/20: LOSS (-72--37)
[2025-12-04 11:13:19] Game 9/20: LOSS (-111--78)
[2025-12-04 11:15:01] Game 10/20: WIN (-159--186)
[2025-12-04 11:16:43] Game 11/20: WIN (-179--180)
[2025-12-04 11:18:22] Game 12/20: LOSS (-189--132)
[2025-12-04 11:19:52] Game 13/20: WIN (-140--147)
[2025-12-04 11:21:35] Game 14/20: WIN (-171--185)
[2025-12-04 11:22:59] Game 15/20: LOSS (-124--122)
[2025-12-04 11:24:49] Game 16/20: LOSS (-181--180)
[2025-12-04 11:26:18] Game 17/20: LOSS (-144--135)
[2025-12-04 11:27:54] Game 18/20: WIN (-175--194)
[2025-12-04 11:29:23] Game 19/20: WIN (-184--195)
[2025-12-04 11:30:29] Game 20/20: WIN (-103--136)
[2025-12-04 11:30:29] vs PreviousCycle: Wins=12, Losses=8, Draws=0 (WR: 0.60)
[2025-12-04 11:30:29] 
=== Cycle 6/21 ===
[2025-12-04 11:30:29] Params: {'n_games': 50, 'simulations': 30, 'epochs': 5, 'lr': 0.001, 'cpuct': 1.0, 'temp_threshold': 30, 'noise_alpha': 0.3, 'noise_eps': 0.25}
[2025-12-04 11:30:29] [Loop] Generating 50 games (Sims: 30)...

====================
[2025-12-04 17:17:55.647033] Training Session Started
====================
[2025-12-04 17:17:55] [Loop] Using device: mps
[2025-12-04 17:17:55] [Loop] Shapes: Spatial=100, Factories=30, Global=34, Total=164
[2025-12-04 17:17:56] [Loop] Starting from scratch (Cycle 1).
[2025-12-04 17:17:56] 
=== Cycle 1/21 ===
[2025-12-04 17:17:56] Params: {'n_games': 10, 'simulations': 30, 'epochs': 5, 'lr': 0.001, 'cpuct': 1.0, 'temp_threshold': 30, 'noise_alpha': 0.3, 'noise_eps': 0.25}
[2025-12-04 17:17:56] [Loop] Generating 10 games (Sims: 30)...
[2025-12-04 17:23:05] [Loop] MCTS Stats: avg_visits=35.5, avg_entropy=2.49, reuse_rate=95.3%, avg_moves=63.8
[2025-12-04 17:23:05] [Loop] Buffer size: 638
[2025-12-04 17:23:05] [Loop] Training for 5 epochs...
[2025-12-04 17:23:09] [Loop] Training Finished. Avg Loss: 5.4501 (Policy: 4.5153, Value: 0.9348)
[2025-12-04 17:23:09] [Loop] Saved checkpoint to data/checkpoints/model_cycle_1.pt
[2025-12-04 17:23:09] Starting validation for Cycle 1...
[2025-12-04 17:23:09] vs Random: Playing 5 games...
[2025-12-04 17:23:32] Game 1/5: WIN (-79--112)
[2025-12-04 17:23:46] Game 2/5: WIN (-43--64)
[2025-12-04 17:24:02] Game 3/5: WIN (-41--70)
[2025-12-04 17:24:43] Game 4/5: WIN (-133--190)
[2025-12-04 17:25:02] Game 5/5: WIN (-36--84)
[2025-12-04 17:25:02] vs Random: Wins=5, Losses=0, Draws=0 (WR: 1.00)
[2025-12-04 17:25:02] No previous model found. Skipping vs Previous.
[2025-12-04 17:25:02] 
=== Cycle 2/21 ===
[2025-12-04 17:25:02] Params: {'n_games': 50, 'simulations': 30, 'epochs': 5, 'lr': 0.001, 'cpuct': 1.0, 'temp_threshold': 30, 'noise_alpha': 0.3, 'noise_eps': 0.25}
[2025-12-04 17:25:02] [Loop] Generating 50 games (Sims: 30)...

====================
[2025-12-04 17:40:04.802483] Training Session Started
====================
[2025-12-04 17:40:04] [Loop] Using device: mps
[2025-12-04 17:40:04] [Loop] Shapes: Spatial=100, Factories=30, Global=34, Total=164
[2025-12-04 17:40:06] [Loop] Starting from scratch (Cycle 1).
[2025-12-04 17:40:06] 
=== Cycle 1/21 ===
[2025-12-04 17:40:06] Params: {'n_games': 10, 'simulations': 30, 'epochs': 5, 'lr': 0.001, 'cpuct': 1.0, 'temp_threshold': 30, 'noise_alpha': 0.3, 'noise_eps': 0.25}
[2025-12-04 17:40:06] [Loop] Generating 10 games (Sims: 30)...
[2025-12-04 17:45:00] [Loop] MCTS Stats: avg_visits=34.5, avg_entropy=2.52, reuse_rate=95.9%, avg_moves=58.0
[2025-12-04 17:45:00] [Loop] Buffer size: 580
[2025-12-04 17:45:00] [Loop] Training for 5 epochs...
[2025-12-04 17:45:03] [Loop] Training Finished. Avg Loss: 2.2946 (Policy: 2.0670, Value: 0.2276)
[2025-12-04 17:45:03] [Loop] Saved checkpoint to data/checkpoints/model_cycle_1.pt
[2025-12-04 17:45:03] Starting validation for Cycle 1...
[2025-12-04 17:45:03] vs Random: Playing 5 games...
[2025-12-04 17:45:47] Game 1/5: DRAW (-207--207)
[2025-12-04 17:46:09] Game 2/5: WIN (-70--98)
[2025-12-04 17:46:44] Game 3/5: WIN (-128--165)
[2025-12-04 17:47:17] Game 4/5: WIN (-114--140)
[2025-12-04 17:48:03] Game 5/5: WIN (-153--196)
[2025-12-04 17:48:03] vs Random: Wins=4, Losses=0, Draws=1 (WR: 0.80)
[2025-12-04 17:48:03] No previous model found. Skipping vs Previous.
[2025-12-04 17:48:03] 
=== Cycle 2/21 ===
[2025-12-04 17:48:03] Params: {'n_games': 50, 'simulations': 30, 'epochs': 5, 'lr': 0.001, 'cpuct': 1.0, 'temp_threshold': 30, 'noise_alpha': 0.3, 'noise_eps': 0.25}
[2025-12-04 17:48:03] [Loop] Generating 50 games (Sims: 30)...
[2025-12-04 19:25:17] [Loop] MCTS Stats: avg_visits=50.6, avg_entropy=1.45, reuse_rate=98.9%, avg_moves=143.6
[2025-12-04 19:25:17] [Loop] Buffer size: 7759
[2025-12-04 19:25:17] [Loop] Training for 5 epochs...
[2025-12-04 19:25:39] [Loop] Training Finished. Avg Loss: 1.6859 (Policy: 1.5453, Value: 0.1406)
[2025-12-04 19:25:39] [Loop] Saved checkpoint to data/checkpoints/model_cycle_2.pt
[2025-12-04 19:25:39] Starting validation for Cycle 2...
[2025-12-04 19:25:39] vs Random: Playing 5 games...
[2025-12-04 19:27:37] Game 1/5: WIN (-61--95)
[2025-12-04 19:31:00] Game 2/5: WIN (-192--207)
[2025-12-04 19:31:45] Game 3/5: WIN (-197--210)
[2025-12-04 19:32:33] Game 4/5: WIN (-178--210)
[2025-12-04 19:34:29] Game 5/5: LOSS (-210--207)
[2025-12-04 19:34:29] vs Random: Wins=4, Losses=1, Draws=0 (WR: 0.80)
[2025-12-04 19:34:29] vs PreviousCycle: Playing 20 games...
[2025-12-04 19:40:11] Game 1/20: WIN (-51--81)
[2025-12-04 19:54:32] Game 2/20: LOSS (-120--74)
[2025-12-04 19:58:06] Game 3/20: LOSS (-153--120)
[2025-12-04 20:08:35] Game 4/20: LOSS (-82--53)
[2025-12-04 20:36:53] Game 5/20: LOSS (-108--62)
[2025-12-04 20:56:05] Game 6/20: LOSS (-206--193)
[2025-12-04 20:57:43] Game 7/20: WIN (-188--208)
[2025-12-04 20:58:27] Game 8/20: LOSS (-98--55)
[2025-12-04 20:59:25] Game 9/20: WIN (-92--136)
[2025-12-04 21:00:12] Game 10/20: LOSS (-107--69)
[2025-12-04 21:00:50] Game 11/20: WIN (-42--80)
[2025-12-04 21:02:06] Game 12/20: LOSS (-167--119)
[2025-12-04 21:02:48] Game 13/20: WIN (-60--86)
[2025-12-04 21:03:28] Game 14/20: LOSS (-83--45)
[2025-12-04 21:04:35] Game 15/20: LOSS (-126--61)
[2025-12-04 21:05:34] Game 16/20: LOSS (-124--41)
[2025-12-04 21:07:01] Game 17/20: LOSS (-161--147)
[2025-12-04 21:07:58] Game 18/20: WIN (-46--94)
[2025-12-04 21:09:12] Game 19/20: LOSS (-121--104)
[2025-12-04 21:10:02] Game 20/20: LOSS (-83--58)
[2025-12-04 21:10:02] vs PreviousCycle: Wins=6, Losses=14, Draws=0 (WR: 0.30)
[2025-12-04 21:10:02] 
=== Cycle 3/21 ===
[2025-12-04 21:10:02] Params: {'n_games': 50, 'simulations': 30, 'epochs': 5, 'lr': 0.001, 'cpuct': 1.0, 'temp_threshold': 30, 'noise_alpha': 0.3, 'noise_eps': 0.25}
[2025-12-04 21:10:02] [Loop] Generating 50 games (Sims: 30)...
[2025-12-04 22:35:34] [Loop] MCTS Stats: avg_visits=50.1, avg_entropy=1.45, reuse_rate=98.1%, avg_moves=164.5
[2025-12-04 22:35:34] [Loop] Buffer size: 15982
[2025-12-04 22:35:34] [Loop] Training for 5 epochs...
[2025-12-04 22:36:20] [Loop] Training Finished. Avg Loss: 1.3136 (Policy: 1.2141, Value: 0.0995)
[2025-12-04 22:36:20] [Loop] Saved checkpoint to data/checkpoints/model_cycle_3.pt
[2025-12-04 22:36:21] Starting validation for Cycle 3...
[2025-12-04 22:36:21] vs Random: Playing 5 games...
[2025-12-04 22:36:47] Game 1/5: WIN (-87--112)
[2025-12-04 22:37:26] Game 2/5: WIN (-131--179)
[2025-12-04 22:37:53] Game 3/5: WIN (-68--112)
[2025-12-04 22:38:23] Game 4/5: WIN (-86--140)
[2025-12-04 22:38:59] Game 5/5: WIN (-117--140)
[2025-12-04 22:38:59] vs Random: Wins=5, Losses=0, Draws=0 (WR: 1.00)
[2025-12-04 22:38:59] vs PreviousCycle: Playing 20 games...
[2025-12-04 22:39:30] Game 1/20: LOSS (-69--18)
[2025-12-04 22:40:35] Game 2/20: WIN (-86--151)
[2025-12-04 22:41:40] Game 3/20: LOSS (-136--100)
[2025-12-04 22:42:44] Game 4/20: WIN (-98--139)
[2025-12-04 22:44:13] Game 5/20: LOSS (-207--193)
[2025-12-04 22:45:38] Game 6/20: DRAW (-207--207)
[2025-12-04 22:46:33] Game 7/20: LOSS (-125--86)
[2025-12-04 22:47:38] Game 8/20: LOSS (-153--139)
[2025-12-04 22:48:25] Game 9/20: LOSS (-112--55)
[2025-12-04 22:49:28] Game 10/20: LOSS (-151--97)
[2025-12-04 22:50:11] Game 11/20: LOSS (-94--55)
[2025-12-04 22:50:56] Game 12/20: WIN (-64--110)
[2025-12-04 22:52:00] Game 13/20: LOSS (-138--100)
[2025-12-04 22:54:01] Game 14/20: LOSS (-208--176)
[2025-12-04 22:54:46] Game 15/20: LOSS (-111--71)
[2025-12-04 22:56:10] Game 16/20: WIN (-203--209)
[2025-12-04 22:56:52] Game 17/20: WIN (-31--96)
[2025-12-04 22:57:21] Game 18/20: LOSS (-70--25)
[2025-12-04 22:57:53] Game 19/20: LOSS (-70--27)
[2025-12-04 22:58:34] Game 20/20: LOSS (-83--45)
[2025-12-04 22:58:34] vs PreviousCycle: Wins=5, Losses=14, Draws=1 (WR: 0.25)
[2025-12-04 22:58:34] 
=== Cycle 4/21 ===
[2025-12-04 22:58:34] Params: {'n_games': 50, 'simulations': 30, 'epochs': 5, 'lr': 0.001, 'cpuct': 1.0, 'temp_threshold': 30, 'noise_alpha': 0.3, 'noise_eps': 0.25}
[2025-12-04 22:58:34] [Loop] Generating 50 games (Sims: 30)...

====================
[2025-12-05 14:43:38.932018] Training Session Started
====================
[2025-12-05 14:43:38] [Loop] Using device: mps
[2025-12-05 14:43:38] [Loop] Shapes: Spatial=100, Factories=30, Global=39, Total=169
[2025-12-05 14:43:40] [Loop] Starting from scratch (Cycle 1).
[2025-12-05 14:43:40] 
=== Cycle 1/21 ===
[2025-12-05 14:43:40] Params: {'n_games': 10, 'simulations': 30, 'epochs': 5, 'lr': 0.001, 'cpuct': 1.0, 'temp_threshold': 30, 'noise_alpha': 0.3, 'noise_eps': 0.25}
[2025-12-05 14:43:40] [Loop] Generating 10 games (Sims: 30)...
