[2025-12-04 17:40:04] [Loop] Using device: mps
[2025-12-04 17:40:04] [Loop] Shapes: Spatial=100, Factories=30, Global=34, Total=164
[2025-12-04 17:40:06] [Loop] Starting from scratch (Cycle 1).
[2025-12-04 17:40:06] 
=== Cycle 1/21 ===
[2025-12-04 17:40:06] Params: {'n_games': 10, 'simulations': 30, 'epochs': 5, 'lr': 0.001, 'cpuct': 1.0, 'temp_threshold': 30, 'noise_alpha': 0.3, 'noise_eps': 0.25}
[2025-12-04 17:40:06] [Loop] Generating 10 games (Sims: 30)...
[2025-12-04 17:45:00] [Loop] MCTS Stats: avg_visits=34.5, avg_entropy=2.52, reuse_rate=95.9%, avg_moves=58.0
[2025-12-04 17:45:00] [Loop] Buffer size: 580
[2025-12-04 17:45:00] [Loop] Training for 5 epochs...
[2025-12-04 17:45:03] [Loop] Training Finished. Avg Loss: 2.2946 (Policy: 2.0670, Value: 0.2276)
[2025-12-04 17:45:03] [Loop] Saved checkpoint to data/checkpoints/model_cycle_1.pt
[2025-12-04 17:45:03] Starting validation for Cycle 1...
[2025-12-04 17:45:03] vs Random: Playing 5 games...
[2025-12-04 17:45:47] Game 1/5: DRAW (-207--207)
[2025-12-04 17:46:09] Game 2/5: WIN (-70--98)
[2025-12-04 17:46:44] Game 3/5: WIN (-128--165)
[2025-12-04 17:47:17] Game 4/5: WIN (-114--140)
[2025-12-04 17:48:03] Game 5/5: WIN (-153--196)
[2025-12-04 17:48:03] vs Random: Wins=4, Losses=0, Draws=1 (WR: 0.80)
[2025-12-04 17:48:03] No previous model found. Skipping vs Previous.
[2025-12-04 17:48:03] 
=== Cycle 2/21 ===
[2025-12-04 17:48:03] Params: {'n_games': 50, 'simulations': 30, 'epochs': 5, 'lr': 0.001, 'cpuct': 1.0, 'temp_threshold': 30, 'noise_alpha': 0.3, 'noise_eps': 0.25}
[2025-12-04 17:48:03] [Loop] Generating 50 games (Sims: 30)...
[2025-12-04 19:25:17] [Loop] MCTS Stats: avg_visits=50.6, avg_entropy=1.45, reuse_rate=98.9%, avg_moves=143.6
[2025-12-04 19:25:17] [Loop] Buffer size: 7759
[2025-12-04 19:25:17] [Loop] Training for 5 epochs...
[2025-12-04 19:25:39] [Loop] Training Finished. Avg Loss: 1.6859 (Policy: 1.5453, Value: 0.1406)
[2025-12-04 19:25:39] [Loop] Saved checkpoint to data/checkpoints/model_cycle_2.pt
[2025-12-04 19:25:39] Starting validation for Cycle 2...
[2025-12-04 19:25:39] vs Random: Playing 5 games...
[2025-12-04 19:27:37] Game 1/5: WIN (-61--95)
[2025-12-04 19:31:00] Game 2/5: WIN (-192--207)
[2025-12-04 19:31:45] Game 3/5: WIN (-197--210)
[2025-12-04 19:32:33] Game 4/5: WIN (-178--210)
[2025-12-04 19:34:29] Game 5/5: LOSS (-210--207)
[2025-12-04 19:34:29] vs Random: Wins=4, Losses=1, Draws=0 (WR: 0.80)
[2025-12-04 19:34:29] vs PreviousCycle: Playing 20 games...
[2025-12-04 19:40:11] Game 1/20: WIN (-51--81)
[2025-12-04 19:54:32] Game 2/20: LOSS (-120--74)
[2025-12-04 19:58:06] Game 3/20: LOSS (-153--120)
[2025-12-04 20:08:35] Game 4/20: LOSS (-82--53)
[2025-12-04 20:36:53] Game 5/20: LOSS (-108--62)
[2025-12-04 20:56:05] Game 6/20: LOSS (-206--193)
[2025-12-04 20:57:43] Game 7/20: WIN (-188--208)
[2025-12-04 20:58:27] Game 8/20: LOSS (-98--55)
[2025-12-04 20:59:25] Game 9/20: WIN (-92--136)
[2025-12-04 21:00:12] Game 10/20: LOSS (-107--69)
[2025-12-04 21:00:50] Game 11/20: WIN (-42--80)
[2025-12-04 21:02:06] Game 12/20: LOSS (-167--119)
[2025-12-04 21:02:48] Game 13/20: WIN (-60--86)
[2025-12-04 21:03:28] Game 14/20: LOSS (-83--45)
[2025-12-04 21:04:35] Game 15/20: LOSS (-126--61)
[2025-12-04 21:05:34] Game 16/20: LOSS (-124--41)
[2025-12-04 21:07:01] Game 17/20: LOSS (-161--147)
[2025-12-04 21:07:58] Game 18/20: WIN (-46--94)
[2025-12-04 21:09:12] Game 19/20: LOSS (-121--104)
[2025-12-04 21:10:02] Game 20/20: LOSS (-83--58)
[2025-12-04 21:10:02] vs PreviousCycle: Wins=6, Losses=14, Draws=0 (WR: 0.30)
[2025-12-04 21:10:02] 
=== Cycle 3/21 ===
[2025-12-04 21:10:02] Params: {'n_games': 50, 'simulations': 30, 'epochs': 5, 'lr': 0.001, 'cpuct': 1.0, 'temp_threshold': 30, 'noise_alpha': 0.3, 'noise_eps': 0.25}
[2025-12-04 21:10:02] [Loop] Generating 50 games (Sims: 30)...
[2025-12-04 22:35:34] [Loop] MCTS Stats: avg_visits=50.1, avg_entropy=1.45, reuse_rate=98.1%, avg_moves=164.5
[2025-12-04 22:35:34] [Loop] Buffer size: 15982
[2025-12-04 22:35:34] [Loop] Training for 5 epochs...
[2025-12-04 22:36:20] [Loop] Training Finished. Avg Loss: 1.3136 (Policy: 1.2141, Value: 0.0995)
[2025-12-04 22:36:20] [Loop] Saved checkpoint to data/checkpoints/model_cycle_3.pt
[2025-12-04 22:36:21] Starting validation for Cycle 3...
[2025-12-04 22:36:21] vs Random: Playing 5 games...
[2025-12-04 22:36:47] Game 1/5: WIN (-87--112)
[2025-12-04 22:37:26] Game 2/5: WIN (-131--179)
[2025-12-04 22:37:53] Game 3/5: WIN (-68--112)
[2025-12-04 22:38:23] Game 4/5: WIN (-86--140)
[2025-12-04 22:38:59] Game 5/5: WIN (-117--140)
[2025-12-04 22:38:59] vs Random: Wins=5, Losses=0, Draws=0 (WR: 1.00)
[2025-12-04 22:38:59] vs PreviousCycle: Playing 20 games...
[2025-12-04 22:39:30] Game 1/20: LOSS (-69--18)
[2025-12-04 22:40:35] Game 2/20: WIN (-86--151)
[2025-12-04 22:41:40] Game 3/20: LOSS (-136--100)
[2025-12-04 22:42:44] Game 4/20: WIN (-98--139)
[2025-12-04 22:44:13] Game 5/20: LOSS (-207--193)
[2025-12-04 22:45:38] Game 6/20: DRAW (-207--207)
[2025-12-04 22:46:33] Game 7/20: LOSS (-125--86)
[2025-12-04 22:47:38] Game 8/20: LOSS (-153--139)
[2025-12-04 22:48:25] Game 9/20: LOSS (-112--55)
[2025-12-04 22:49:28] Game 10/20: LOSS (-151--97)
[2025-12-04 22:50:11] Game 11/20: LOSS (-94--55)
[2025-12-04 22:50:56] Game 12/20: WIN (-64--110)
[2025-12-04 22:52:00] Game 13/20: LOSS (-138--100)
[2025-12-04 22:54:01] Game 14/20: LOSS (-208--176)
[2025-12-04 22:54:46] Game 15/20: LOSS (-111--71)
[2025-12-04 22:56:10] Game 16/20: WIN (-203--209)
[2025-12-04 22:56:52] Game 17/20: WIN (-31--96)
[2025-12-04 22:57:21] Game 18/20: LOSS (-70--25)
[2025-12-04 22:57:53] Game 19/20: LOSS (-70--27)
[2025-12-04 22:58:34] Game 20/20: LOSS (-83--45)
[2025-12-04 22:58:34] vs PreviousCycle: Wins=5, Losses=14, Draws=1 (WR: 0.25)